# JRE version: Java(TM) SE Runtime Environment (8.0_211-b12) (build 1.8.0_211-b12)
# Java VM: Java HotSpot(TM) 64-Bit Server VM (25.211-b12 mixed mode windows-amd64 compressed oops)
Heap:
 PSYoungGen      total 48640K, used 31376K [0x00000000d6100000, 0x00000000d9c80000, 0x0000000100000000)
  eden space 37376K, 66% used [0x00000000d6100000,0x00000000d7935228,0x00000000d8580000)
  from space 11264K, 58% used [0x00000000d9180000,0x00000000d97ef060,0x00000000d9c80000)
  to   space 11776K, 0% used [0x00000000d8580000,0x00000000d8580000,0x00000000d9100000)
 ParOldGen       total 67072K, used 29126K [0x0000000082200000, 0x0000000086380000, 0x00000000d6100000)
  object space 67072K, 43% used [0x0000000082200000,0x0000000083e71918,0x0000000086380000)
 Metaspace       used 24880K, capacity 25202K, committed 25648K, reserved 1071104K
  class space    used 2942K, capacity 3029K, committed 3120K, reserved 1048576K
GC Heap History (10 events):
Event: 332.334 GC heap before
{Heap before GC invocations=25 (full 1):
 PSYoungGen      total 47616K, used 46874K [0x00000000d6100000, 0x00000000da300000, 0x0000000100000000)
  eden space 41984K, 99% used [0x00000000d6100000,0x00000000d89a5f10,0x00000000d8a00000)
  from space 5632K, 93% used [0x00000000d8b00000,0x00000000d9020900,0x00000000d9080000)
  to   space 12800K, 0% used [0x00000000d9680000,0x00000000d9680000,0x00000000da300000)
 ParOldGen       total 67072K, used 28188K [0x0000000082200000, 0x0000000086380000, 0x00000000d6100000)
  object space 67072K, 42% used [0x0000000082200000,0x0000000083d87108,0x0000000086380000)
 Metaspace       used 24478K, capacity 24754K, committed 25008K, reserved 1071104K
  class space    used 2894K, capacity 2965K, committed 2992K, reserved 1048576K
Event: 332.336 GC heap after
Heap after GC invocations=25 (full 1):
 PSYoungGen      total 51712K, used 5154K [0x00000000d6100000, 0x00000000da100000, 0x0000000100000000)
  eden space 40960K, 0% used [0x00000000d6100000,0x00000000d6100000,0x00000000d8900000)
  from space 10752K, 47% used [0x00000000d9680000,0x00000000d9b88900,0x00000000da100000)
  to   space 12288K, 0% used [0x00000000d8900000,0x00000000d8900000,0x00000000d9500000)
 ParOldGen       total 67072K, used 28188K [0x0000000082200000, 0x0000000086380000, 0x00000000d6100000)
  object space 67072K, 42% used [0x0000000082200000,0x0000000083d87108,0x0000000086380000)
 Metaspace       used 24478K, capacity 24754K, committed 25008K, reserved 1071104K
  class space    used 2894K, capacity 2965K, committed 2992K, reserved 1048576K
}
Event: 336.578 GC heap before
{Heap before GC invocations=26 (full 1):
 PSYoungGen      total 51712K, used 46114K [0x00000000d6100000, 0x00000000da100000, 0x0000000100000000)
  eden space 40960K, 100% used [0x00000000d6100000,0x00000000d8900000,0x00000000d8900000)
  from space 10752K, 47% used [0x00000000d9680000,0x00000000d9b88900,0x00000000da100000)
  to   space 12288K, 0% used [0x00000000d8900000,0x00000000d8900000,0x00000000d9500000)
 ParOldGen       total 67072K, used 28188K [0x0000000082200000, 0x0000000086380000, 0x00000000d6100000)
  object space 67072K, 42% used [0x0000000082200000,0x0000000083d87108,0x0000000086380000)
 Metaspace       used 24491K, capacity 24754K, committed 25008K, reserved 1071104K
  class space    used 2894K, capacity 2965K, committed 2992K, reserved 1048576K
Event: 336.582 GC heap after
Heap after GC invocations=26 (full 1):
 PSYoungGen      total 42496K, used 2112K [0x00000000d6100000, 0x00000000d9f00000, 0x0000000100000000)
  eden space 39936K, 0% used [0x00000000d6100000,0x00000000d6100000,0x00000000d8800000)
  from space 2560K, 82% used [0x00000000d8900000,0x00000000d8b10300,0x00000000d8b80000)
  to   space 11776K, 0% used [0x00000000d9380000,0x00000000d9380000,0x00000000d9f00000)
 ParOldGen       total 67072K, used 28196K [0x0000000082200000, 0x0000000086380000, 0x00000000d6100000)
  object space 67072K, 42% used [0x0000000082200000,0x0000000083d89108,0x0000000086380000)
 Metaspace       used 24491K, capacity 24754K, committed 25008K, reserved 1071104K
  class space    used 2894K, capacity 2965K, committed 2992K, reserved 1048576K
}
Event: 340.787 GC heap before
{Heap before GC invocations=27 (full 1):
 PSYoungGen      total 42496K, used 41831K [0x00000000d6100000, 0x00000000d9f00000, 0x0000000100000000)
  eden space 39936K, 99% used [0x00000000d6100000,0x00000000d87c9990,0x00000000d8800000)
  from space 2560K, 82% used [0x00000000d8900000,0x00000000d8b10300,0x00000000d8b80000)
  to   space 11776K, 0% used [0x00000000d9380000,0x00000000d9380000,0x00000000d9f00000)
 ParOldGen       total 67072K, used 28196K [0x0000000082200000, 0x0000000086380000, 0x00000000d6100000)
  object space 67072K, 42% used [0x0000000082200000,0x0000000083d89108,0x0000000086380000)
 Metaspace       used 24492K, capacity 24754K, committed 25008K, reserved 1071104K
  class space    used 2894K, capacity 2965K, committed 2992K, reserved 1048576K
Event: 340.789 GC heap after
Heap after GC invocations=27 (full 1):
 PSYoungGen      total 48640K, used 3052K [0x00000000d6100000, 0x00000000d9d00000, 0x0000000100000000)
  eden space 38912K, 0% used [0x00000000d6100000,0x00000000d6100000,0x00000000d8700000)
  from space 9728K, 31% used [0x00000000d9380000,0x00000000d967b030,0x00000000d9d00000)
  to   space 11264K, 0% used [0x00000000d8700000,0x00000000d8700000,0x00000000d9200000)
 ParOldGen       total 67072K, used 29070K [0x0000000082200000, 0x0000000086380000, 0x00000000d6100000)
  object space 67072K, 43% used [0x0000000082200000,0x0000000083e63918,0x0000000086380000)
 Metaspace       used 24492K, capacity 24754K, committed 25008K, reserved 1071104K
  class space    used 2894K, capacity 2965K, committed 2992K, reserved 1048576K
}
Event: 341.539 GC heap before
{Heap before GC invocations=28 (full 1):
 PSYoungGen      total 48640K, used 41964K [0x00000000d6100000, 0x00000000d9d00000, 0x0000000100000000)
  eden space 38912K, 100% used [0x00000000d6100000,0x00000000d8700000,0x00000000d8700000)
  from space 9728K, 31% used [0x00000000d9380000,0x00000000d967b030,0x00000000d9d00000)
  to   space 11264K, 0% used [0x00000000d8700000,0x00000000d8700000,0x00000000d9200000)
 ParOldGen       total 67072K, used 29070K [0x0000000082200000, 0x0000000086380000, 0x00000000d6100000)
  object space 67072K, 43% used [0x0000000082200000,0x0000000083e63918,0x0000000086380000)
 Metaspace       used 24873K, capacity 25202K, committed 25648K, reserved 1071104K
  class space    used 2942K, capacity 3029K, committed 3120K, reserved 1048576K
Event: 341.546 GC heap after
Heap after GC invocations=28 (full 1):
 PSYoungGen      total 44544K, used 6472K [0x00000000d6100000, 0x00000000d9d00000, 0x0000000100000000)
  eden space 37888K, 0% used [0x00000000d6100000,0x00000000d6100000,0x00000000d8600000)
  from space 6656K, 97% used [0x00000000d8700000,0x00000000d8d52040,0x00000000d8d80000)
  to   space 11776K, 0% used [0x00000000d9180000,0x00000000d9180000,0x00000000d9d00000)
 ParOldGen       total 67072K, used 29078K [0x0000000082200000, 0x0000000086380000, 0x00000000d6100000)
  object space 67072K, 43% used [0x0000000082200000,0x0000000083e65918,0x0000000086380000)
 Metaspace       used 24873K, capacity 25202K, committed 25648K, reserved 1071104K
  class space    used 2942K, capacity 3029K, committed 3120K, reserved 1048576K
}
Event: 343.006 GC heap before
{Heap before GC invocations=29 (full 1):
 PSYoungGen      total 44544K, used 44311K [0x00000000d6100000, 0x00000000d9d00000, 0x0000000100000000)
  eden space 37888K, 99% used [0x00000000d6100000,0x00000000d85f3de0,0x00000000d8600000)
  from space 6656K, 97% used [0x00000000d8700000,0x00000000d8d52040,0x00000000d8d80000)
  to   space 11776K, 0% used [0x00000000d9180000,0x00000000d9180000,0x00000000d9d00000)
 ParOldGen       total 67072K, used 29078K [0x0000000082200000, 0x0000000086380000, 0x00000000d6100000)
  object space 67072K, 43% used [0x0000000082200000,0x0000000083e65918,0x0000000086380000)
 Metaspace       used 24880K, capacity 25202K, committed 25648K, reserved 1071104K
  class space    used 2942K, capacity 3029K, committed 3120K, reserved 1048576K
Event: 343.009 GC heap after
Heap after GC invocations=29 (full 1):
 PSYoungGen      total 48640K, used 6588K [0x00000000d6100000, 0x00000000d9c80000, 0x0000000100000000)
  eden space 37376K, 0% used [0x00000000d6100000,0x00000000d6100000,0x00000000d8580000)
  from space 11264K, 58% used [0x00000000d9180000,0x00000000d97ef060,0x00000000d9c80000)
  to   space 11776K, 0% used [0x00000000d8580000,0x00000000d8580000,0x00000000d9100000)
 ParOldGen       total 67072K, used 29126K [0x0000000082200000, 0x0000000086380000, 0x00000000d6100000)
  object space 67072K, 43% used [0x0000000082200000,0x0000000083e71918,0x0000000086380000)
 Metaspace       used 24880K, capacity 25202K, committed 25648K, reserved 1071104K
  class space    used 2942K, capacity 3029K, committed 3120K, reserved 1048576K
}

